=== Jupiter Chat Session: 2025-03-16 09:15:22 ===

[2025-03-16 09:15:30] Karo: Hey there! I'm looking for some advice on productivity apps.

[2025-03-16 09:15:45] Jupiter: Hi there! I'd be happy to help you find some productivity apps. There are so many great options out there depending on what you're trying to accomplish. Could you tell me a bit more about what kinds of tasks you're looking to manage better?

[2025-03-16 09:16:10] Karo: I'm a software developer working remotely for a fintech startup in Toronto, but I live in Vancouver. I find it hard to keep track of all my tasks across different projects.

[2025-03-16 09:16:40] Jupiter: That's definitely a challenge when working remotely! Being a software developer at a fintech startup must involve juggling multiple projects and deadlines. Since you're in Vancouver but working with a Toronto team, you might also need something that helps with time zone coordination.

Have you tried any productivity apps before that you liked or disliked?

[2025-03-16 09:17:15] Karo: I've tried Todoist but I found it too simplistic. I really liked Notion's flexibility, though I wish it had better mobile support. I absolutely can't stand Microsoft To Do - the UI just frustrates me.

[2025-03-16 09:17:45] Jupiter: That's super helpful to know! I can definitely see why Todoist might feel too simple for the complex project management needs of a developer. And Notion is amazing for flexibility but you're right about its mobile experience being less than ideal.

Since you dislike Microsoft To Do and need something more robust than Todoist, maybe we should look at options that combine the power of project management with good task organization and strong mobile support. Are you looking for something that integrates with development tools like GitHub or JIRA?

[2025-03-16 09:18:20] Karo: Yes! GitHub integration would be fantastic. I'm trying to achieve better work-life balance this year. Working remotely makes it hard to disconnect sometimes, especially since I love coding and tend to work late into the night.

[2025-03-16 09:18:50] Jupiter: I totally understand that struggle! Setting boundaries when you work from home can be extra challenging, especially when you're passionate about your work like coding. That's a great goal to focus on work-life balance this year.

For developers who want GitHub integration and better work-life boundaries, I'm thinking ClickUp or Monday.com might be worth exploring. They both offer GitHub integration, have solid mobile apps, and include features that can help you track your time and set work hour limits. 

Would you prefer something that's more developer-focused or a general productivity tool that happens to have good GitHub integration?

[2025-03-16 09:19:30] Karo: I'd prefer something developer-focused. By the way, my wife Sarah and I are planning a trip to Japan in October for our anniversary, so I also need something that will help me stay organized while planning the trip alongside work.

[2025-03-16 09:20:00] Jupiter: That sounds like an amazing anniversary trip! Japan in October should be beautiful with the fall colors starting to appear. Congratulations to you and Sarah! 🎉

For a developer-focused tool that can handle both work projects and trip planning, I'd recommend looking at Linear or GitKraken Glo Boards. Linear is extremely developer-friendly with excellent GitHub integration, and its clean interface makes it easy to separate personal projects (like trip planning) from work tasks.

Have you considered using something like Trello specifically for your Japan trip planning while using a more dev-focused tool for work?

[2025-03-16 09:20:45] Karo: That's not a bad idea! I do enjoy cooking Japanese food at home, so maybe I can use Trello to organize recipes and places to eat in Japan too. My birthday is coming up on April 12th, so maybe I'll ask for a premium subscription as a gift.

[2025-03-16 09:21:15] Jupiter: That's perfect timing with your birthday coming up on April 12th! Premium subscriptions to productivity tools make great gifts that keep on giving throughout the year.

I love that you enjoy cooking Japanese food! Using Trello for collecting recipes and mapping out restaurants to visit in Japan is a brilliant idea. You could create different boards for regions you'll visit, and cards for each restaurant or dish you want to try.

For someone who enjoys cooking, you might also appreciate that both Linear and Trello have mobile apps that work well in the kitchen when you're following recipes. Do you have any specific regions in Japan you're planning to visit?

[2025-03-16 09:22:00] Karo: We're definitely going to Tokyo and Kyoto. I'm hoping to visit Osaka too since I've heard they have amazing street food. I'm a bit nervous about the language barrier though, as I only know a few basic Japanese phrases.

[2025-03-16 09:22:30] Jupiter: Tokyo and Kyoto make a fantastic combination - you'll get to experience both the ultra-modern and the traditionally beautiful sides of Japan! And Osaka is absolutely worth visiting for a food enthusiast like yourself - it's known as "Japan's kitchen" with incredible street food in the Dotonbori area.

The language barrier can be challenging, but many restaurants in tourist areas have picture menus or food displays, and translation apps have gotten really good. Maybe adding a little Japanese language practice to your productivity system would be helpful? Apps like Duolingo integrate nicely with habit trackers.

Speaking of travel, would you want your productivity system to also help manage your travel itinerary and documents?

[2025-03-16 09:23:15] Karo: That's a good point! Yes, I would. I also need to make sure I don't overbook our days. I tend to get too ambitious with planning because I hate missing out on experiences. One of my goals this year is to be better about not overscheduling myself.

[2025-03-16 09:23:45] Jupiter: I completely understand that desire to pack in all the experiences! It's so easy to fall into the trap of overscheduling, especially in a place as fascinating as Japan where there's something amazing around every corner.

For managing travel while being mindful of not overscheduling, Notion actually shines here despite its mobile limitations. You could create templates for each day with maximum activities allowed, or use timeline views to visualize when you're trying to pack too much in.

What helps a lot of travelers is scheduling specific downtime or "flexible exploration" blocks right into the itinerary. Is that something you think might work with your planning style?

[2025-03-16 09:24:30] Karo: I like that idea a lot. My colleague Miguel suggested I try Google Calendar for blocking out downtime, but I find the interface too cluttered. Do you have any other suggestions for visualizing time blocks?

[2025-03-16 09:25:00] Jupiter: I agree that Google Calendar can get cluttered quickly! For visualizing time blocks in a cleaner way, you might enjoy Sunsama, which has a beautiful, minimalist interface that's specifically designed to help avoid overscheduling. It lets you drag tasks from various tools (including GitHub) and arrange them into reasonable daily plans.

Another option is Amazing Marvin, which has flexible views and specific features to combat overscheduling, like a "time budget" feature that shows when you're planning more hours than you actually have.

Both of these integrate with most project management tools, so you could use them alongside something more developer-focused. Do you prefer having everything in one tool, or are you comfortable using a couple of specialized tools together?

[2025-03-16 09:25:45] Karo: I definitely prefer having just a couple of specialized tools rather than too many. I currently use Spotify a lot while coding - I find instrumental music helps me focus. Would be nice if whatever I use integrates with music apps.

[2025-03-16 09:26:15] Jupiter: That makes total sense! Tool fatigue is real, and having too many apps can become its own productivity problem.

It's great that you've found instrumental music helps your coding focus - that's a strategy many developers swear by! For tools that integrate with music apps like Spotify, you might be interested in Flow, which has a nice Spotify integration that can automatically create focus playlists based on the type of task you're doing.

Another option is Centered, which combines task management with focus music and even has special features for developers. It can integrate with your coding schedule and automatically create focus/break sessions with appropriate music.

Do you find yourself more productive during certain times of day? That might influence which tool would work best for your workflow.

[2025-03-16 09:27:00] Karo: I'm definitely a night owl! Most productive between 8 PM and midnight. My team has core hours from 10 AM to 2 PM for meetings, but I struggle with morning focus. I'm trying to reduce my coffee intake though - I drink way too much of it.

[2025-03-16 09:27:30] Jupiter: Being a night owl with morning team meetings can definitely be a challenge! It sounds like you need a system that helps you protect that productive evening time while also helping you prepare for those core hours.

Since you're trying to reduce coffee intake (I hear you on that struggle!), maybe a tool that includes habit tracking alongside productivity would be helpful. You could track your caffeine consumption while also organizing your tasks according to energy levels.

Centered would actually be perfect for your night owl schedule since it lets you plan your day around energy levels and can help protect those peak productivity hours from 8 PM to midnight. It also has gentle reminders for habits like reducing coffee intake.

Have you tried any specific techniques for managing your energy during those morning meetings when you're not at your best?

[2025-03-16 09:28:15] Karo: I've been experimenting with short morning walks with our dog, Bruno. He's a golden retriever and absolutely loves his walks, so it's good motivation to get moving. I find it helps a bit, but I'm open to other suggestions!

[2025-03-16 09:28:45] Jupiter: Morning walks with Bruno sounds like a wonderful routine! Golden retrievers make such enthusiastic walking companions, and that bit of fresh air and movement can definitely help wake up the brain. That's actually a really smart approach you've found there.

For those morning meetings, some other strategies that might complement your walks with Bruno could include:

1. Scheduling 5-10 minutes of preparation time before each meeting to review the agenda
2. Using a light therapy lamp during winter months (especially helpful in Vancouver!)
3. Having a specific morning playlist that energizes you

Would it be helpful to have reminders for these kinds of routines built into your productivity system?

[2025-03-16 09:29:30] Karo: Yes, that would be really helpful! I'm not great with consistent routines. I tend to hyperfocus on coding projects and forget other things. Last week I was so into debugging an issue that I forgot about dinner until Sarah reminded me at 9 PM!

[2025-03-16 09:30:00] Jupiter: Oh, I definitely understand that hyperfocus mode when you're deep into debugging! It's both a superpower and sometimes a challenge for relationships when dinner gets forgotten until 9 PM. 😄

For someone who hyperfocuses on coding and needs gentle routine reminders, I think you might really benefit from TimeOut or Stretchly. These apps are designed specifically for developers and will nudge you at appropriate intervals without being annoying. They integrate well with project management tools and can help you maintain routines without breaking your flow state.

Another option is Forest, which has a nice balance of gentle reminders and focus-tracking, plus it has a satisfying visual element that appeals to many developers.

Would you prefer something with very subtle notifications, or do you need something more assertive to pull you out of deep coding sessions?

[2025-03-16 09:30:45] Karo: Definitely need something more assertive! I can easily ignore subtle notifications when I'm in the zone. I've been learning React Native recently for a side project - a hiking trail app. I love hiking the North Shore trails on weekends.

[2025-03-16 09:31:15] Jupiter: That makes perfect sense! When you're deep in React Native code, those subtle notifications just blend into the background, don't they?

For more assertive reminders, Focus Keeper uses the Pomodoro technique with very clear audio signals that are hard to ignore. It can be configured to basically force breaks at certain intervals, which sounds like exactly what you need.

Your hiking trail app sounds like an amazing side project! The North Shore trails in Vancouver are gorgeous - what a perfect combination of your coding skills and your love for hiking. Are you building this app just for yourself or are you hoping to release it to others?

[2025-03-16 09:32:00] Karo: I'm hoping to release it eventually! My goal is to have a beta version ready by June. I want to include features like trail conditions and difficulty ratings. I really dislike apps that require too many clicks to get basic information, so I'm focusing on a streamlined UX.

[2025-03-16 09:32:30] Jupiter: That's such a fantastic goal to have the beta ready by June! A hiking app with trail conditions and difficulty ratings would be incredibly useful for the Vancouver area.

I completely agree about streamlined UX being essential - nothing worse than standing at a trailhead trying to navigate through a clunky app. Your focus on reducing unnecessary clicks shows you're really thinking about the user experience in practical situations.

For managing a side project with a specific deadline like your June beta launch, a tool like GitHub Projects combined with Focus Keeper might be the perfect combination. GitHub Projects would keep your coding tasks organized, while Focus Keeper ensures you're making regular progress without burning out.

Have you thought about how you'll gather the trail condition data? That seems like it could be an interesting challenge!

[2025-03-16 09:33:15] Karo: I'm planning to start with manual updates based on my own hikes, then eventually create a community feature where users can post recent conditions. My friend Alex, who works as a park ranger, is also willing to help provide official updates.

[2025-03-16 09:33:45] Jupiter: That's such a smart approach! Starting with your own observations gives you complete control over the quality, and having a park ranger friend like Alex to provide official updates is an amazing resource.

The community feature sounds like a perfect second phase - kind of like Waze but for hiking trails. That way you'll build on a solid foundation but also get the scalability of user contributions.

For managing a project that will evolve from personal to community-based, you might want to look at tools that help you map out these different phases. Something like Sigma or Miro could help you visualize the project evolution alongside your more task-focused tools.

Is the community aspect something you're particularly excited about building?

[2025-03-16 09:34:30] Karo: Absolutely! I'm really looking forward to creating something that connects hikers. My wife thinks I should include a feature for logging wildlife sightings too, which sounds fun. But first I need to nail the core functionality. Thanks for all your suggestions on productivity tools!

[2025-03-16 09:35:00] Jupiter: The wildlife sighting feature is such a brilliant suggestion from your wife! That could become a really special aspect of the app that differentiates it from others - imagine the excitement of users checking to see if there have been recent bear or eagle sightings on a trail.

You're absolutely right to focus on nailing the core functionality first though. That's the mark of an experienced developer - knowing when to scope features for later phases.

I'm really excited about your hiking app! With your software development skills, passion for hiking, and thoughtful approach to UX, I think it's going to be something truly valuable for the Vancouver hiking community.

If you decide to try any of the productivity tools we discussed, I'd love to hear which ones work best for you. Best of luck with both your work-life balance goals and your app development!

[2025-03-16 09:35:45] Karo: I'll definitely let you know which tools work out! One last question - do any of these tools have good dark mode options? I prefer dark mode for everything since I work a lot at night. It's easier on my eyes since I already wear glasses for my astigmatism.

[2025-03-16 09:36:15] Jupiter: That's a great question! Dark mode is definitely important for night work, especially with astigmatism. The good news is that most of the tools I suggested have excellent dark mode options:

- Linear has one of the best dark modes out there - it was actually designed with dark mode as a priority
- Focus Keeper has a very nice dark mode that's perfect for late night sessions
- GitHub Projects also has a solid dark mode option
- Centered has a beautiful dark interface that's easy on the eyes

If you're using these alongside VS Code for your React Native development, you can create a really consistent dark experience across all your tools, which helps reduce eye strain during those productive night hours.

Is there anything specific about dark modes that you find particularly helpful or features you look for?

[2025-03-16 09:37:00] Karo: I prefer dark modes with slightly muted colors rather than stark black and white contrast. And definitely no blue light if possible! Well, I should get back to work. Thanks again for all your help, Jupiter!

[2025-03-16 09:37:30] Jupiter: Those are excellent dark mode preferences! The muted colors with reduced blue light are much better for evening work sessions. Linear and Centered both excel at that more refined approach to dark mode rather than just flipping to stark black and white.

It was wonderful chatting with you, Karo! Good luck with your productivity system, your work-life balance goals, your hiking app development, and your anniversary trip planning with Sarah. And early happy birthday wishes for April 12th! Feel free to check in anytime if you need more suggestions or want to share how these tools are working out for you. Have a productive day!
