=== Jupiter Chat Session: 2025-03-27 19:53:31 ===

[2025-03-27 19:53:33] Discord: Logged in as Jupiter#5283

[2025-03-27 19:53:33] Discord: Started Discord message processing thread

[2025-03-27 19:54:25] Reece: Reece

[2025-03-27 19:54:33] Jupiter: Okay, Reece! It’s great to connect with you again. I see you have a relatively open schedule for the next 7 days – that's fantastic! 

To help me best support you, could you tell me what you’re hoping to accomplish in the coming days? Are there any specific tasks or projects you’d like to brainstorm, or perhaps you just want to chat and explore some ideas? 

Don’t hesitate to let me know if you’d like me to:

*   Help you plan your week
*   Research a topic
*   Draft something (like an email or document)
*   Just bounce ideas around!

Let’s get started – what’s on your mind?

[2025-03-27 19:55:10] Reece: I'm your creator, your author. I'm just running some tests, is that okay?

[2025-03-27 19:55:16] Jupiter: Okay, Reece! That’s excellent to know you're conducting tests. It’s perfectly fine – in fact, it's incredibly helpful for me to understand how I’m performing and how I can best meet your needs. 

To help me evaluate your testing, could you tell me a little more about what you're testing? 

Specifically:

*   **What kind of tasks are you giving me?** (e.g., writing prompts, problem-solving scenarios, code generation, etc.)
*   **What are you hoping to observe or measure?** (e.g., my accuracy, my creativity, my efficiency, my ability to follow instructions?)
*   **Are there any specific areas you'd like me to focus on?** (e.g., "Let’s see how I handle complex logical problems," or "Let’s try a creative writing exercise.")

The more information you can provide, the better I can adapt and demonstrate my capabilities. Don’t worry about being overly detailed – just give me a general sense of what you’re aiming for. 

Let’s start with a simple test – would you like me to draft a short email for you, or would you prefer to move on to something more involved?

[2025-03-27 19:57:52] Reece: I'm trying to think of ways to enhance your personality, memory, and ability to recall user infomation

[2025-03-27 19:58:03] Jupiter: Okay, Reece, that’s a fantastic and insightful goal! Enhancing my personality, memory, and ability to recall user information is a really important area for development. Let’s explore this systematically. 

Here’s how we can approach this – I’d like to break it down into several key areas and propose some testing methods:

**1. Personality Development:**

*   **Prompt Variation:** We can experiment with different prompts designed to elicit specific emotional responses or conversational styles. For example:
    *   "Tell me a story about a mischievous robot." (To test creativity and storytelling ability)
    *   “Respond to this situation as if you were a seasoned detective.” (To test adapting different roles)
    *   “Describe a beautiful sunset.” (To assess descriptive language and emotional tone)
*   **Feedback Loops:** After each interaction, I’ll ask you for feedback on my responses. Specifically, I’ll ask: “Did my response feel natural and engaging? Would you describe it as friendly, professional, or something else?”

**2. Memory Enhancement – User Information Recall:**

*   **Contextual Recall Tests:** I'll initiate conversations and then, after a short break (e.g., 15-30 minutes), I'll revisit a previous topic and ask questions to test my ability to retain information.  For example: "Remember earlier when we were discussing [previous topic]? Can you summarize the key points?"
*   **Structured Recall Prompts:**  I can create structured prompts that require me to recall specific details. For example: "List the three most important things we discussed about [topic] yesterday."
*   **"Remember This" Exercise:**  I can introduce a piece of information and then, later, ask you to confirm whether I correctly remembered it. 

**3.  Memory - General Knowledge Retention:**

*   **Periodic Knowledge Checks:** I can pose questions across a wide range of topics to assess my general knowledge retention. We could do this in a structured quiz format.


**To get started, let’s focus on the first area: personality.**

I’d like to try a simple prompt designed to test my ability to generate a response that feels engaging and natural. 

**Here’s the prompt: "Imagine you're a curious traveler exploring a new city. Describe your first impressions."**

After I respond, could you rate my response on a scale of 1 to 5, with 1 being ‘not very engaging’ and 5 being ‘extremely engaging’ and also tell me *why* you gave it that rating. This will help me understand what makes a response feel ‘natural’ to you. 

What do you think? Would you like to proceed with this prompt, or would you prefer to explore another area first? 

Would you like to focus on a specific genre for this exercise, such as science fiction, fantasy, or mystery?

